c:\users\ryane\desktop\projects\muppet\x64\debug\vc143.pdb
c:\users\ryane\desktop\projects\muppet\x64\debug\vc143.idb
c:\users\ryane\desktop\projects\muppet\x64\debug\window.obj
c:\users\ryane\desktop\projects\muppet\x64\debug\source.obj
c:\users\ryane\desktop\projects\muppet\x64\debug\imgui_widgets.obj
c:\users\ryane\desktop\projects\muppet\x64\debug\imgui_tables.obj
c:\users\ryane\desktop\projects\muppet\x64\debug\imgui_impl_opengl3.obj
c:\users\ryane\desktop\projects\muppet\x64\debug\imgui_impl_glfw.obj
c:\users\ryane\desktop\projects\muppet\x64\debug\imgui_draw.obj
c:\users\ryane\desktop\projects\muppet\x64\debug\imgui_demo.obj
c:\users\ryane\desktop\projects\muppet\x64\debug\imgui.obj
c:\users\ryane\desktop\projects\muppet\x64\debug\graphics.obj
c:\users\ryane\desktop\projects\muppet\x64\debug\muppet.exe
c:\users\ryane\desktop\projects\muppet\x64\debug\muppet.ilk
c:\users\ryane\desktop\projects\muppet\x64\debug\muppet.pdb
c:\users\ryane\desktop\projects\muppet\x64\debug\muppet.tlog\cl.command.1.tlog
c:\users\ryane\desktop\projects\muppet\x64\debug\muppet.tlog\cl.read.1.tlog
c:\users\ryane\desktop\projects\muppet\x64\debug\muppet.tlog\cl.write.1.tlog
c:\users\ryane\desktop\projects\muppet\x64\debug\muppet.tlog\link.command.1.tlog
c:\users\ryane\desktop\projects\muppet\x64\debug\muppet.tlog\link.read.1.tlog
c:\users\ryane\desktop\projects\muppet\x64\debug\muppet.tlog\link.write.1.tlog
